# JRE version: Java(TM) SE Runtime Environment (8.0_25-b18) (build 1.8.0_25-b18)
# Java VM: Java HotSpot(TM) 64-Bit Server VM (25.25-b02 mixed mode windows-amd64 compressed oops)
Heap:
 PSYoungGen      total 288256K, used 238592K [0x00000000eab00000, 0x00000000ffa80000, 0x0000000100000000)
  eden space 238592K, 100% used [0x00000000eab00000,0x00000000f9400000,0x00000000f9400000)
  from space 49664K, 0% used [0x00000000f9400000,0x00000000f9400000,0x00000000fc480000)
  to   space 48640K, 0% used [0x00000000fcb00000,0x00000000fcb00000,0x00000000ffa80000)
 ParOldGen       total 124928K, used 124861K [0x00000000c0000000, 0x00000000c7a00000, 0x00000000eab00000)
  object space 124928K, 99% used [0x00000000c0000000,0x00000000c79ef7c0,0x00000000c7a00000)
 Metaspace       used 142009K, capacity 151463K, committed 151704K, reserved 1179648K
  class space    used 17629K, capacity 20821K, committed 20904K, reserved 1048576K
GC Heap History (10 events):
Event: 1222.795 GC heap before
{Heap before GC invocations=36 (full 7):
 PSYoungGen      total 283648K, used 86963K [0x00000000eab00000, 0x00000000ffc80000, 0x0000000100000000)
  eden space 238592K, 20% used [0x00000000eab00000,0x00000000eda267b8,0x00000000f9400000)
  from space 45056K, 85% used [0x00000000fc480000,0x00000000fea467e8,0x00000000ff080000)
  to   space 49664K, 0% used [0x00000000f9400000,0x00000000f9400000,0x00000000fc480000)
 ParOldGen       total 124928K, used 99458K [0x00000000c0000000, 0x00000000c7a00000, 0x00000000eab00000)
  object space 124928K, 79% used [0x00000000c0000000,0x00000000c6120970,0x00000000c7a00000)
 Metaspace       used 112600K, capacity 119535K, committed 119832K, reserved 1153024K
  class space    used 14087K, capacity 16381K, committed 16424K, reserved 1048576K
Event: 1222.825 GC heap after
Heap after GC invocations=36 (full 7):
 PSYoungGen      total 288256K, used 26134K [0x00000000eab00000, 0x00000000ffa80000, 0x0000000100000000)
  eden space 238592K, 0% used [0x00000000eab00000,0x00000000eab00000,0x00000000f9400000)
  from space 49664K, 52% used [0x00000000f9400000,0x00000000fad85bb8,0x00000000fc480000)
  to   space 48640K, 0% used [0x00000000fcb00000,0x00000000fcb00000,0x00000000ffa80000)
 ParOldGen       total 124928K, used 99466K [0x00000000c0000000, 0x00000000c7a00000, 0x00000000eab00000)
  object space 124928K, 79% used [0x00000000c0000000,0x00000000c6122970,0x00000000c7a00000)
 Metaspace       used 112600K, capacity 119535K, committed 119832K, reserved 1153024K
  class space    used 14087K, capacity 16381K, committed 16424K, reserved 1048576K
}
Event: 1222.826 GC heap before
{Heap before GC invocations=37 (full 8):
 PSYoungGen      total 288256K, used 26134K [0x00000000eab00000, 0x00000000ffa80000, 0x0000000100000000)
  eden space 238592K, 0% used [0x00000000eab00000,0x00000000eab00000,0x00000000f9400000)
  from space 49664K, 52% used [0x00000000f9400000,0x00000000fad85bb8,0x00000000fc480000)
  to   space 48640K, 0% used [0x00000000fcb00000,0x00000000fcb00000,0x00000000ffa80000)
 ParOldGen       total 124928K, used 99466K [0x00000000c0000000, 0x00000000c7a00000, 0x00000000eab00000)
  object space 124928K, 79% used [0x00000000c0000000,0x00000000c6122970,0x00000000c7a00000)
 Metaspace       used 112600K, capacity 119535K, committed 119832K, reserved 1153024K
  class space    used 14087K, capacity 16381K, committed 16424K, reserved 1048576K
Event: 1223.807 GC heap after
Heap after GC invocations=37 (full 8):
 PSYoungGen      total 288256K, used 0K [0x00000000eab00000, 0x00000000ffa80000, 0x0000000100000000)
  eden space 238592K, 0% used [0x00000000eab00000,0x00000000eab00000,0x00000000f9400000)
  from space 49664K, 0% used [0x00000000f9400000,0x00000000f9400000,0x00000000fc480000)
  to   space 48640K, 0% used [0x00000000fcb00000,0x00000000fcb00000,0x00000000ffa80000)
 ParOldGen       total 124928K, used 123629K [0x00000000c0000000, 0x00000000c7a00000, 0x00000000eab00000)
  object space 124928K, 98% used [0x00000000c0000000,0x00000000c78bb7a8,0x00000000c7a00000)
 Metaspace       used 112567K, capacity 119421K, committed 119832K, reserved 1153024K
  class space    used 14079K, capacity 16347K, committed 16424K, reserved 1048576K
}
Event: 1260.848 GC heap before
{Heap before GC invocations=38 (full 9):
 PSYoungGen      total 288256K, used 238592K [0x00000000eab00000, 0x00000000ffa80000, 0x0000000100000000)
  eden space 238592K, 100% used [0x00000000eab00000,0x00000000f9400000,0x00000000f9400000)
  from space 49664K, 0% used [0x00000000f9400000,0x00000000f9400000,0x00000000fc480000)
  to   space 48640K, 0% used [0x00000000fcb00000,0x00000000fcb00000,0x00000000ffa80000)
 ParOldGen       total 124928K, used 123629K [0x00000000c0000000, 0x00000000c7a00000, 0x00000000eab00000)
  object space 124928K, 98% used [0x00000000c0000000,0x00000000c78bb7a8,0x00000000c7a00000)
 Metaspace       used 119074K, capacity 126894K, committed 127000K, reserved 1159168K
  class space    used 15049K, capacity 17635K, committed 17704K, reserved 1048576K
Event: 1261.812 GC heap after
Heap after GC invocations=38 (full 9):
 PSYoungGen      total 288256K, used 22173K [0x00000000eab00000, 0x00000000ffa80000, 0x0000000100000000)
  eden space 238592K, 9% used [0x00000000eab00000,0x00000000ec0a7638,0x00000000f9400000)
  from space 49664K, 0% used [0x00000000f9400000,0x00000000f9400000,0x00000000fc480000)
  to   space 48640K, 0% used [0x00000000fcb00000,0x00000000fcb00000,0x00000000ffa80000)
 ParOldGen       total 124928K, used 124919K [0x00000000c0000000, 0x00000000c7a00000, 0x00000000eab00000)
  object space 124928K, 99% used [0x00000000c0000000,0x00000000c79fdea0,0x00000000c7a00000)
 Metaspace       used 119074K, capacity 126894K, committed 127000K, reserved 1159168K
  class space    used 15049K, capacity 17635K, committed 17704K, reserved 1048576K
}
Event: 1299.053 GC heap before
{Heap before GC invocations=39 (full 10):
 PSYoungGen      total 288256K, used 238592K [0x00000000eab00000, 0x00000000ffa80000, 0x0000000100000000)
  eden space 238592K, 100% used [0x00000000eab00000,0x00000000f9400000,0x00000000f9400000)
  from space 49664K, 0% used [0x00000000f9400000,0x00000000f9400000,0x00000000fc480000)
  to   space 48640K, 0% used [0x00000000fcb00000,0x00000000fcb00000,0x00000000ffa80000)
 ParOldGen       total 124928K, used 124919K [0x00000000c0000000, 0x00000000c7a00000, 0x00000000eab00000)
  object space 124928K, 99% used [0x00000000c0000000,0x00000000c79fdea0,0x00000000c7a00000)
 Metaspace       used 127411K, capacity 135684K, committed 135960K, reserved 1167360K
  class space    used 15879K, capacity 18648K, committed 18728K, reserved 1048576K
Event: 1299.876 GC heap after
Heap after GC invocations=39 (full 10):
 PSYoungGen      total 288256K, used 27597K [0x00000000eab00000, 0x00000000ffa80000, 0x0000000100000000)
  eden space 238592K, 11% used [0x00000000eab00000,0x00000000ec5f35a0,0x00000000f9400000)
  from space 49664K, 0% used [0x00000000f9400000,0x00000000f9400000,0x00000000fc480000)
  to   space 48640K, 0% used [0x00000000fcb00000,0x00000000fcb00000,0x00000000ffa80000)
 ParOldGen       total 124928K, used 124878K [0x00000000c0000000, 0x00000000c7a00000, 0x00000000eab00000)
  object space 124928K, 99% used [0x00000000c0000000,0x00000000c79f3820,0x00000000c7a00000)
 Metaspace       used 127378K, capacity 135570K, committed 135960K, reserved 1167360K
  class space    used 15871K, capacity 18614K, committed 18728K, reserved 1048576K
}
Event: 1301.973 GC heap before
{Heap before GC invocations=40 (full 11):
 PSYoungGen      total 288256K, used 238592K [0x00000000eab00000, 0x00000000ffa80000, 0x0000000100000000)
  eden space 238592K, 100% used [0x00000000eab00000,0x00000000f9400000,0x00000000f9400000)
  from space 49664K, 0% used [0x00000000f9400000,0x00000000f9400000,0x00000000fc480000)
  to   space 48640K, 0% used [0x00000000fcb00000,0x00000000fcb00000,0x00000000ffa80000)
 ParOldGen       total 124928K, used 124878K [0x00000000c0000000, 0x00000000c7a00000, 0x00000000eab00000)
  object space 124928K, 99% used [0x00000000c0000000,0x00000000c79f3820,0x00000000c7a00000)
 Metaspace       used 133042K, capacity 142157K, committed 142488K, reserved 1171456K
  class space    used 16696K, capacity 19762K, committed 19880K, reserved 1048576K
Event: 1302.635 GC heap after
Heap after GC invocations=40 (full 11):
 PSYoungGen      total 288256K, used 41493K [0x00000000eab00000, 0x00000000ffa80000, 0x0000000100000000)
  eden space 238592K, 17% used [0x00000000eab00000,0x00000000ed385648,0x00000000f9400000)
  from space 49664K, 0% used [0x00000000f9400000,0x00000000f9400000,0x00000000fc480000)
  to   space 48640K, 0% used [0x00000000fcb00000,0x00000000fcb00000,0x00000000ffa80000)
 ParOldGen       total 124928K, used 124861K [0x00000000c0000000, 0x00000000c7a00000, 0x00000000eab00000)
  object space 124928K, 99% used [0x00000000c0000000,0x00000000c79ef7c0,0x00000000c7a00000)
 Metaspace       used 133042K, capacity 142157K, committed 142488K, reserved 1171456K
  class space    used 16696K, capacity 19762K, committed 19880K, reserved 1048576K
}

